Requirement already satisfied: pip in ./venv/lib/python3.9/site-packages (21.2.3)
Collecting pip
  Using cached pip-24.2-py3-none-any.whl (1.8 MB)
Installing collected packages: pip
  Attempting uninstall: pip
    Found existing installation: pip 21.2.3
    Uninstalling pip-21.2.3:
      Successfully uninstalled pip-21.2.3
Successfully installed pip-24.2
Collecting oracledb
  Using cached oracledb-2.4.1-cp39-cp39-manylinux_2_17_x86_64.manylinux2014_x86_64.whl.metadata (5.2 kB)
Collecting cryptography>=3.2.1 (from oracledb)
  Using cached cryptography-43.0.0-cp39-abi3-manylinux_2_28_x86_64.whl.metadata (5.4 kB)
Collecting cffi>=1.12 (from cryptography>=3.2.1->oracledb)
  Using cached cffi-1.17.0-cp39-cp39-manylinux_2_17_x86_64.manylinux2014_x86_64.whl.metadata (1.5 kB)
Collecting pycparser (from cffi>=1.12->cryptography>=3.2.1->oracledb)
  Using cached pycparser-2.22-py3-none-any.whl.metadata (943 bytes)
Using cached oracledb-2.4.1-cp39-cp39-manylinux_2_17_x86_64.manylinux2014_x86_64.whl (2.4 MB)
Using cached cryptography-43.0.0-cp39-abi3-manylinux_2_28_x86_64.whl (4.0 MB)
Using cached cffi-1.17.0-cp39-cp39-manylinux_2_17_x86_64.manylinux2014_x86_64.whl (444 kB)
Using cached pycparser-2.22-py3-none-any.whl (117 kB)
Installing collected packages: pycparser, cffi, cryptography, oracledb
Successfully installed cffi-1.17.0 cryptography-43.0.0 oracledb-2.4.1 pycparser-2.22
Collecting flask
  Using cached flask-3.0.3-py3-none-any.whl.metadata (3.2 kB)
Collecting Werkzeug>=3.0.0 (from flask)
  Using cached werkzeug-3.0.4-py3-none-any.whl.metadata (3.7 kB)
Collecting Jinja2>=3.1.2 (from flask)
  Using cached jinja2-3.1.4-py3-none-any.whl.metadata (2.6 kB)
Collecting itsdangerous>=2.1.2 (from flask)
  Using cached itsdangerous-2.2.0-py3-none-any.whl.metadata (1.9 kB)
Collecting click>=8.1.3 (from flask)
  Using cached click-8.1.7-py3-none-any.whl.metadata (3.0 kB)
Collecting blinker>=1.6.2 (from flask)
  Using cached blinker-1.8.2-py3-none-any.whl.metadata (1.6 kB)
Collecting importlib-metadata>=3.6.0 (from flask)
  Using cached importlib_metadata-8.4.0-py3-none-any.whl.metadata (4.7 kB)
Collecting zipp>=0.5 (from importlib-metadata>=3.6.0->flask)
  Using cached zipp-3.20.1-py3-none-any.whl.metadata (3.7 kB)
Collecting MarkupSafe>=2.0 (from Jinja2>=3.1.2->flask)
  Using cached MarkupSafe-2.1.5-cp39-cp39-manylinux_2_17_x86_64.manylinux2014_x86_64.whl.metadata (3.0 kB)
Using cached flask-3.0.3-py3-none-any.whl (101 kB)
Using cached blinker-1.8.2-py3-none-any.whl (9.5 kB)
Using cached click-8.1.7-py3-none-any.whl (97 kB)
Using cached importlib_metadata-8.4.0-py3-none-any.whl (26 kB)
Using cached itsdangerous-2.2.0-py3-none-any.whl (16 kB)
Using cached jinja2-3.1.4-py3-none-any.whl (133 kB)
Using cached werkzeug-3.0.4-py3-none-any.whl (227 kB)
Using cached MarkupSafe-2.1.5-cp39-cp39-manylinux_2_17_x86_64.manylinux2014_x86_64.whl (25 kB)
Using cached zipp-3.20.1-py3-none-any.whl (9.0 kB)
Installing collected packages: zipp, MarkupSafe, itsdangerous, click, blinker, Werkzeug, Jinja2, importlib-metadata, flask
Successfully installed Jinja2-3.1.4 MarkupSafe-2.1.5 Werkzeug-3.0.4 blinker-1.8.2 click-8.1.7 flask-3.0.3 importlib-metadata-8.4.0 itsdangerous-2.2.0 zipp-3.20.1
Collecting flask_login
  Using cached Flask_Login-0.6.3-py3-none-any.whl.metadata (5.8 kB)
Requirement already satisfied: Flask>=1.0.4 in ./venv/lib/python3.9/site-packages (from flask_login) (3.0.3)
Requirement already satisfied: Werkzeug>=1.0.1 in ./venv/lib/python3.9/site-packages (from flask_login) (3.0.4)
Requirement already satisfied: Jinja2>=3.1.2 in ./venv/lib/python3.9/site-packages (from Flask>=1.0.4->flask_login) (3.1.4)
Requirement already satisfied: itsdangerous>=2.1.2 in ./venv/lib/python3.9/site-packages (from Flask>=1.0.4->flask_login) (2.2.0)
Requirement already satisfied: click>=8.1.3 in ./venv/lib/python3.9/site-packages (from Flask>=1.0.4->flask_login) (8.1.7)
Requirement already satisfied: blinker>=1.6.2 in ./venv/lib/python3.9/site-packages (from Flask>=1.0.4->flask_login) (1.8.2)
Requirement already satisfied: importlib-metadata>=3.6.0 in ./venv/lib/python3.9/site-packages (from Flask>=1.0.4->flask_login) (8.4.0)
Requirement already satisfied: MarkupSafe>=2.1.1 in ./venv/lib/python3.9/site-packages (from Werkzeug>=1.0.1->flask_login) (2.1.5)
Requirement already satisfied: zipp>=0.5 in ./venv/lib/python3.9/site-packages (from importlib-metadata>=3.6.0->Flask>=1.0.4->flask_login) (3.20.1)
Using cached Flask_Login-0.6.3-py3-none-any.whl (17 kB)
Installing collected packages: flask_login
Successfully installed flask_login-0.6.3
Collecting redis
  Using cached redis-5.0.8-py3-none-any.whl.metadata (9.2 kB)
Collecting async-timeout>=4.0.3 (from redis)
  Using cached async_timeout-4.0.3-py3-none-any.whl.metadata (4.2 kB)
Using cached redis-5.0.8-py3-none-any.whl (255 kB)
Using cached async_timeout-4.0.3-py3-none-any.whl (5.7 kB)
Installing collected packages: async-timeout, redis
Successfully installed async-timeout-4.0.3 redis-5.0.8
Collecting flask_session
  Using cached flask_session-0.8.0-py3-none-any.whl.metadata (5.2 kB)
Requirement already satisfied: flask>=2.2 in ./venv/lib/python3.9/site-packages (from flask_session) (3.0.3)
Collecting msgspec>=0.18.6 (from flask_session)
  Using cached msgspec-0.18.6-cp39-cp39-manylinux_2_17_x86_64.manylinux2014_x86_64.whl.metadata (6.9 kB)
Collecting cachelib (from flask_session)
  Using cached cachelib-0.13.0-py3-none-any.whl.metadata (2.0 kB)
Requirement already satisfied: Werkzeug>=3.0.0 in ./venv/lib/python3.9/site-packages (from flask>=2.2->flask_session) (3.0.4)
Requirement already satisfied: Jinja2>=3.1.2 in ./venv/lib/python3.9/site-packages (from flask>=2.2->flask_session) (3.1.4)
Requirement already satisfied: itsdangerous>=2.1.2 in ./venv/lib/python3.9/site-packages (from flask>=2.2->flask_session) (2.2.0)
Requirement already satisfied: click>=8.1.3 in ./venv/lib/python3.9/site-packages (from flask>=2.2->flask_session) (8.1.7)
Requirement already satisfied: blinker>=1.6.2 in ./venv/lib/python3.9/site-packages (from flask>=2.2->flask_session) (1.8.2)
Requirement already satisfied: importlib-metadata>=3.6.0 in ./venv/lib/python3.9/site-packages (from flask>=2.2->flask_session) (8.4.0)
Requirement already satisfied: zipp>=0.5 in ./venv/lib/python3.9/site-packages (from importlib-metadata>=3.6.0->flask>=2.2->flask_session) (3.20.1)
Requirement already satisfied: MarkupSafe>=2.0 in ./venv/lib/python3.9/site-packages (from Jinja2>=3.1.2->flask>=2.2->flask_session) (2.1.5)
Using cached flask_session-0.8.0-py3-none-any.whl (24 kB)
Using cached msgspec-0.18.6-cp39-cp39-manylinux_2_17_x86_64.manylinux2014_x86_64.whl (210 kB)
Using cached cachelib-0.13.0-py3-none-any.whl (20 kB)
Installing collected packages: msgspec, cachelib, flask_session
Successfully installed cachelib-0.13.0 flask_session-0.8.0 msgspec-0.18.6
Collecting openpyxl
  Using cached openpyxl-3.1.5-py2.py3-none-any.whl.metadata (2.5 kB)
Collecting et-xmlfile (from openpyxl)
  Using cached et_xmlfile-1.1.0-py3-none-any.whl.metadata (1.8 kB)
Using cached openpyxl-3.1.5-py2.py3-none-any.whl (250 kB)
Using cached et_xmlfile-1.1.0-py3-none-any.whl (4.7 kB)
Installing collected packages: et-xmlfile, openpyxl
Successfully installed et-xmlfile-1.1.0 openpyxl-3.1.5
Collecting requests
  Using cached requests-2.32.3-py3-none-any.whl.metadata (4.6 kB)
Collecting charset-normalizer<4,>=2 (from requests)
  Using cached charset_normalizer-3.3.2-cp39-cp39-manylinux_2_17_x86_64.manylinux2014_x86_64.whl.metadata (33 kB)
Collecting idna<4,>=2.5 (from requests)
  Using cached idna-3.8-py3-none-any.whl.metadata (9.9 kB)
Collecting urllib3<3,>=1.21.1 (from requests)
  Using cached urllib3-2.2.2-py3-none-any.whl.metadata (6.4 kB)
Collecting certifi>=2017.4.17 (from requests)
  Using cached certifi-2024.8.30-py3-none-any.whl.metadata (2.2 kB)
Using cached requests-2.32.3-py3-none-any.whl (64 kB)
Using cached certifi-2024.8.30-py3-none-any.whl (167 kB)
Using cached charset_normalizer-3.3.2-cp39-cp39-manylinux_2_17_x86_64.manylinux2014_x86_64.whl (142 kB)
Using cached idna-3.8-py3-none-any.whl (66 kB)
Using cached urllib3-2.2.2-py3-none-any.whl (121 kB)
Installing collected packages: urllib3, idna, charset-normalizer, certifi, requests
Successfully installed certifi-2024.8.30 charset-normalizer-3.3.2 idna-3.8 requests-2.32.3 urllib3-2.2.2
----------> TYPE SESSION: redis
__INIT MAIN APP__ started
